Arguments: 
  C:\Program Files\nodejs\node.exe C:\Program Files\nodejs\node_modules\yarn\bin\yarn.js add -D ts-node

PATH: 
  C:\Users\khale\bin;C:\Program Files\Git\mingw64\bin;C:\Program Files\Git\usr\local\bin;C:\Program Files\Git\usr\bin;C:\Program Files\Git\usr\bin;C:\Program Files\Git\mingw64\bin;C:\Program Files\Git\usr\bin;C:\Users\khale\bin;C:\Windows\system32;C:\Windows;C:\Windows\System32\Wbem;C:\Windows\System32\WindowsPowerShell\v1.0;C:\Windows\System32\OpenSSH;C:\Program Files\Git\cmd;C:\ProgramData\chocolatey\bin;C:\Program Files\dotnet;C:\Program Files\Microsoft SQL Server\130\Tools\Binn;C:\Program Files\Microsoft SQL Server\Client SDK\ODBC\170\Tools\Binn;C:\Users\khale\AppData\Roaming\nvm;C:\Program Files\nodejs;C:\Program Files\erl10.7\bin;C:\Program Files (x86)\Elixir\bin;C:\Users\khale\.mix\escripts;C:\Program Files\PostgreSQL\14\bin;C:\Users\khale\AppData\Local\Programs\Python\Python37\Scripts;C:\Users\khale\AppData\Local\Programs\Python\Python37;C:\Users\khale\AppData\Local\Microsoft\WindowsApps;C:\Program Files\JetBrains\PyCharm Community Edition 2020.2.3\bin;C:\Users\khale\AppData\Local\GitHubDesktop\bin;C:\Users\khale\.dotnet\tools;C:\Users\khale\AppData\Roaming\nvm;C:\Program Files\nodejs;C:\Users\khale\AppData\Local\Programs\Microsoft VS Code\bin;C:\Program Files\Git\usr\bin\vendor_perl;C:\Program Files\Git\usr\bin\core_perl

Yarn version: 
  1.22.10

Node version: 
  14.17.0

Platform: 
  win32 x64

Trace: 
  Error: getaddrinfo ENOTFOUND registry.yarnpkg.com
      at GetAddrInfoReqWrap.onlookup [as oncomplete] (dns.js:67:26)

npm manifest: 
  {
    "name": "api-example",
    "version": "1.0.0",
    "description": "Backend api Example ",
    "main": "src/app.ts",
    "author": "Mohammad Khaled",
    "license": "MIT"
  }

yarn manifest: 
  No manifest

Lockfile: 
  No lockfile
